-------------------------------------------------------------------------------
Test set: JunitProject_2.JunitProject_2.FirstTest
-------------------------------------------------------------------------------
Tests run: 2, Failures: 1, Errors: 0, Skipped: 0, Time elapsed: 33.88 s <<< FAILURE! - in JunitProject_2.JunitProject_2.FirstTest
JunitProject_2.JunitProject_2.FirstTest.CurrentURL  Time elapsed: 12.499 s  <<< FAILURE!
java.lang.AssertionError
	at JunitProject_2.JunitProject_2.FirstTest.CurrentURL(FirstTest.java:37)

